Running main() from /home/carson/Projects/msu/csci-366-spring2022/grading/scripts/repos/andrew_cilker/c/lmsm/googletest/lib/googletest/src/gtest_main.cc
[==========] Running 82 tests from 5 test suites.
[----------] Global test environment set-up.
[----------] 4 tests from instruction_construction
[ RUN      ] instruction_construction.make_instruction_basic_instruction_fields_are_set
/home/carson/Projects/msu/csci-366-spring2022/grading/scripts/repos/andrew_cilker/c/lmsm/googletest/assembler.cpp:16: Failure
Expected equality of these values:
  instruction->slots
    Which is: 1769235317
  1
[  FAILED  ] instruction_construction.make_instruction_basic_instruction_fields_are_set (0 ms)
[ RUN      ] instruction_construction.make_instruction_spushi_takes_two_slots
/home/carson/Projects/msu/csci-366-spring2022/grading/scripts/repos/andrew_cilker/c/lmsm/googletest/assembler.cpp:24: Failure
Expected equality of these values:
  instruction->slots
    Which is: 21935
  2
[  FAILED  ] instruction_construction.make_instruction_spushi_takes_two_slots (0 ms)
[ RUN      ] instruction_construction.make_instruction_call_takes_three_slots
/home/carson/Projects/msu/csci-366-spring2022/grading/scripts/repos/andrew_cilker/c/lmsm/googletest/assembler.cpp:31: Failure
Expected equality of these values:
  instruction->slots
    Which is: 21935
  3
[  FAILED  ] instruction_construction.make_instruction_call_takes_three_slots (0 ms)
[ RUN      ] instruction_construction.make_instruction_properly_offsets_based_on_preceding_instruction
[       OK ] instruction_construction.make_instruction_properly_offsets_based_on_preceding_instruction (0 ms)
[----------] 4 tests from instruction_construction (0 ms total)

[----------] 10 tests from parsing_tests
[ RUN      ] parsing_tests.simple_instruction_parsing_works
